<?xml version="1.0" encoding="UTF-8"?>
<!-- Generated by org.testng.reporters.JUnitReportReporter -->
<testsuite hostname="QSP" failures="0" tests="1" name="testscripts.Test1" time="0.004" errors="0" timestamp="2022-06-13T16:43:50 IST" skipped="0">
  <testcase classname="testscripts.Test1" name="tc1" time="0.004"/>
  <system-out>
hello java  </system-out>
</testsuite> <!-- testscripts.Test1 -->
