<?xml version="1.0" encoding="UTF-8"?>
<!-- Generated by org.testng.reporters.JUnitReportReporter -->
<testsuite hostname="QSP" failures="0" tests="1" name="testscripts.Test4" time="0.017" errors="0" timestamp="2022-06-13T16:43:50 IST" skipped="0">
  <testcase classname="testscripts.Test4" name="tc1" time="0.017"/>
  <system-out>
hello pythonselenium  </system-out>
</testsuite> <!-- testscripts.Test4 -->
