<?xml version="1.0" encoding="UTF-8"?>
<!-- Generated by org.testng.reporters.JUnitReportReporter -->
<testsuite hostname="QSP" failures="0" tests="1" name="testscripts.Test2" time="0.002" errors="0" timestamp="2022-06-13T16:43:50 IST" skipped="0">
  <testcase classname="testscripts.Test2" name="tc2" time="0.002"/>
  <system-out>
hello selenium  </system-out>
</testsuite> <!-- testscripts.Test2 -->
